app/build/intermediates/manifest_merge_blame_file/debug/manifest-merger-blame-debug-report.txt
1<?xml version="1.0" encoding="utf-8"?>
2<manifest xmlns:android="http://schemas.android.com/apk/res/android"
3    package="course.examples.ui.button"
4    android:versionCode="1"
5    android:versionName="1.0" >
6
7    <uses-sdk
8        android:minSdkVersion="23"
8-->src\main\AndroidManifest.xml
9        android:targetSdkVersion="29" />
9-->src\main\AndroidManifest.xml
10
11    <application
11-->src\main\AndroidManifest.xml:7:5-31:19
12        android:allowBackup="false"
12-->src\main\AndroidManifest.xml:8:9-36
13        android:debuggable="true"
14        android:icon="@mipmap/ic_launcher"
14-->src\main\AndroidManifest.xml:9:9-43
15        android:label="@string/app_name"
15-->src\main\AndroidManifest.xml:11:9-41
16        android:testOnly="true"
17        android:theme="@style/MaterialTheme" >
17-->src\main\AndroidManifest.xml:10:9-45
18        <activity
18-->src\main\AndroidManifest.xml:12:9-20:20
19            android:name="project.readaloud.ButtonActivity"
19-->src\main\AndroidManifest.xml:13:13-60
20            android:label="@string/app_name" >
20-->src\main\AndroidManifest.xml:14:13-45
21            <intent-filter>
21-->src\main\AndroidManifest.xml:15:13-19:29
22                <action android:name="android.intent.action.MAIN" />
22-->src\main\AndroidManifest.xml:16:17-69
22-->src\main\AndroidManifest.xml:16:25-66
23
24                <category android:name="android.intent.category.LAUNCHER" />
24-->src\main\AndroidManifest.xml:18:17-77
24-->src\main\AndroidManifest.xml:18:27-74
25            </intent-filter>
26        </activity>
27        <activity
27-->src\main\AndroidManifest.xml:22:9-29:20
28            android:name="project.readaloud.ListViewActivity"
28-->src\main\AndroidManifest.xml:23:13-45
29            android:label="@string/app_name" >
29-->src\main\AndroidManifest.xml:24:13-45
30            <intent-filter>
30-->src\main\AndroidManifest.xml:15:13-19:29
31                <action android:name="android.intent.action.MAIN" />
31-->src\main\AndroidManifest.xml:16:17-69
31-->src\main\AndroidManifest.xml:16:25-66
32
33                <category android:name="android.intent.category.LAUNCHER" />
33-->src\main\AndroidManifest.xml:18:17-77
33-->src\main\AndroidManifest.xml:18:27-74
34            </intent-filter>
35        </activity>
36    </application>
37
38</manifest>